<?xml version="1.0" encoding="UTF-8"?>
<!-- Generated by org.testng.reporters.JUnitReportReporter -->
<testsuite hostname="LAPTOP-OJ7IS97K" name="runners.TestRunner" tests="1" failures="0" timestamp="2 Jun 2019 04:05:57 GMT" time="73.950" errors="0">
  <testcase name="feature" time="73.950" classname="runners.TestRunner"/>
</testsuite> <!-- runners.TestRunner -->
