<?xml version="1.0" encoding="UTF-8"?>
<!-- Generated by org.testng.reporters.JUnitReportReporter -->
<testsuite skipped="0" hostname="LAPTOP-OJ7IS97K" name="runners.TestRunner" tests="1" failures="0" timestamp="12 Jun 2019 07:01:41 GMT" time="29.807" errors="0">
  <testcase name="feature" time="29.807" classname="runners.TestRunner"/>
</testsuite> <!-- runners.TestRunner -->
