<?xml version="1.0" encoding="UTF-8"?>
<!-- Generated by org.testng.reporters.JUnitReportReporter -->
<testsuite skipped="0" hostname="LAPTOP-OJ7IS97K" name="runners.TestRunner" tests="1" failures="0" timestamp="02 Jun 2019 04:18:37 GMT" time="74.207" errors="0">
  <testcase name="feature" time="74.207" classname="runners.TestRunner"/>
</testsuite> <!-- runners.TestRunner -->
